<?xml version="1.0" encoding="UTF-8"?>
<testsuite xmlns:xsi="http://www.w3.org/2001/XMLSchema-instance" xsi:noNamespaceSchemaLocation="https://maven.apache.org/surefire/maven-surefire-plugin/xsd/surefire-test-report.xsd" name="io.github.bucket4j.SchedulersSpecification" time="0.334" tests="24" errors="0" skipped="0" failures="0">
  <properties>
[...]
</properties>
  <testcase name="1 Should sleep 10 when trying to consuming 1 tokens from Bucket io.github.bucket4j.local.LocalBucketBuilder@2b6faea6" classname="io.github.bucket4j.SchedulersSpecification" time="0.08"/>
  <testcase name="2 Should sleep 0 when trying to consuming 1 tokens from Bucket io.github.bucket4j.local.LocalBucketBuilder@6a6cb05c" classname="io.github.bucket4j.SchedulersSpecification" time="0.005"/>
  <testcase name="3 Should sleep 9990 when trying to consuming 1000 tokens from Bucket io.github.bucket4j.local.LocalBucketBuilder@489115ef" classname="io.github.bucket4j.SchedulersSpecification" time="0.005"/>
  <testcase name="1 Should sleep 10 and return true when trying to synchronous consume 1 tokens with limit 11 from Bucket io.github.bucket4j.local.LocalBucketBuilder@6200f9cb" classname="io.github.bucket4j.SchedulersSpecification" time="0.01"/>
  <testcase name="2 Should sleep 10 and return true when trying to synchronous consume 1 tokens with limit 11 from Bucket io.github.bucket4j.local.LocalBucketBuilder@445b295b" classname="io.github.bucket4j.SchedulersSpecification" time="0.004"/>
  <testcase name="3 Should sleep 0 and return true when trying to synchronous consume 1 tokens with limit 11 from Bucket io.github.bucket4j.local.LocalBucketBuilder@175b9425" classname="io.github.bucket4j.SchedulersSpecification" time="0.003"/>
  <testcase name="4 Should sleep 0 and return false when trying to synchronous consume 1000 tokens with limit 11 from Bucket io.github.bucket4j.local.LocalBucketBuilder@157853da" classname="io.github.bucket4j.SchedulersSpecification" time="0.006"/>
  <testcase name="5 Should sleep 40 and return true when trying to synchronous consume 5 tokens with limit 40 from Bucket io.github.bucket4j.local.LocalBucketBuilder@55b53d44" classname="io.github.bucket4j.SchedulersSpecification" time="0.004"/>
  <testcase name="6 Should sleep 40 and return true when trying to synchronous consume 5 tokens with limit 41 from Bucket io.github.bucket4j.local.LocalBucketBuilder@1eb5174b" classname="io.github.bucket4j.SchedulersSpecification" time="0.002"/>
  <testcase name="6 Should sleep 0 and return false when trying to synchronous consume 5 tokens with limit 39 from Bucket io.github.bucket4j.local.LocalBucketBuilder@48974e45" classname="io.github.bucket4j.SchedulersSpecification" time="0.002"/>
  <testcase name="Should throw InterruptedException when thread interrupted during waiting for token refill" classname="io.github.bucket4j.SchedulersSpecification" time="0.005"/>
  <testcase name="should complete future exceptionally if scheduler failed to schedule the task" classname="io.github.bucket4j.SchedulersSpecification" time="0.005"/>
  <testcase name="LOCAL_LOCK_FREE test listener for blocking consume" classname="io.github.bucket4j.SchedulersSpecification" time="0.006"/>
  <testcase name="LOCAL_SYNCHRONIZED test listener for blocking consume" classname="io.github.bucket4j.SchedulersSpecification" time="0.001"/>
  <testcase name="LOCAL_UNSAFE test listener for blocking consume" classname="io.github.bucket4j.SchedulersSpecification" time="0"/>
  <testcase name="GRID test listener for blocking consume" classname="io.github.bucket4j.SchedulersSpecification" time="0.001"/>
  <testcase name="LOCAL_LOCK_FREE test listener for blocking consumeUninterruptibly" classname="io.github.bucket4j.SchedulersSpecification" time="0.001"/>
  <testcase name="LOCAL_SYNCHRONIZED test listener for blocking consumeUninterruptibly" classname="io.github.bucket4j.SchedulersSpecification" time="0"/>
  <testcase name="LOCAL_UNSAFE test listener for blocking consumeUninterruptibly" classname="io.github.bucket4j.SchedulersSpecification" time="0"/>
  <testcase name="GRID test listener for blocking consumeUninterruptibly" classname="io.github.bucket4j.SchedulersSpecification" time="0.001"/>
  <testcase name="LOCAL_LOCK_FREE test listener for async delayed consume" classname="io.github.bucket4j.SchedulersSpecification" time="0.002"/>
  <testcase name="LOCAL_SYNCHRONIZED test listener for async delayed consume" classname="io.github.bucket4j.SchedulersSpecification" time="0"/>
  <testcase name="LOCAL_UNSAFE test listener for async delayed consume" classname="io.github.bucket4j.SchedulersSpecification" time="0"/>
  <testcase name="GRID test listener for async delayed consume" classname="io.github.bucket4j.SchedulersSpecification" time="0.001"/>
</testsuite>